

*******************************************************************************
Thu Jun 14 09:09:27 2012


FIT:    data read from "<head -5 spectra.dat"
        format = z
BREAK:          No data to fit 



*******************************************************************************
Thu Jun 14 09:11:01 2012


FIT:    data read from "<head -5 spesols.dat"
        format = z
        #datapoints = 5
        residuals are weighted equally (unit weight)

function used for fitting: t(x)
fitted parameters initialized with current variable values



 Iteration 0
 WSSR        : 4.6106e+13        delta(WSSR)/WSSR   : 0
 delta(WSSR) : 0                 limit for stopping : 1e-05
 lambda	  : 613796

initial set of free parameter values

c               = 10

After 3 iterations the fit converged.
final sum of squares of residuals : 3.25677e+12
rel. change during last iteration : -1.45606e-06

degrees of freedom    (FIT_NDF)                        : 4
rms of residuals      (FIT_STDFIT) = sqrt(WSSR/ndf)    : 902326
variance of residuals (reduced chisquare) = WSSR/ndf   : 8.14192e+11

Final set of parameters            Asymptotic Standard Error
=======================            ==========================

c               = 5.23061          +/- 0.6574       (12.57%)


correlation matrix of the fit parameters:

               c      
c               1.000 


*******************************************************************************
Thu Jun 14 09:14:26 2012


FIT:    data read from "<head -5 spesols.dat"
        format = z
        #datapoints = 5
        residuals are weighted equally (unit weight)

function used for fitting: t(x)
fitted parameters initialized with current variable values



 Iteration 0
 WSSR        : 4.6106e+13        delta(WSSR)/WSSR   : 0
 delta(WSSR) : 0                 limit for stopping : 1e-05
 lambda	  : 613796

initial set of free parameter values

c               = 10

After 3 iterations the fit converged.
final sum of squares of residuals : 3.25677e+12
rel. change during last iteration : -1.45606e-06

degrees of freedom    (FIT_NDF)                        : 4
rms of residuals      (FIT_STDFIT) = sqrt(WSSR/ndf)    : 902326
variance of residuals (reduced chisquare) = WSSR/ndf   : 8.14192e+11

Final set of parameters            Asymptotic Standard Error
=======================            ==========================

c               = 5.23061          +/- 0.6574       (12.57%)


correlation matrix of the fit parameters:

               c      
c               1.000 


*******************************************************************************
Thu Jun 14 09:16:36 2012


FIT:    data read from "<head -5 spesols.dat"
        format = z
        #datapoints = 5
        residuals are weighted equally (unit weight)

function used for fitting: t(x)
fitted parameters initialized with current variable values



 Iteration 0
 WSSR        : 4.6106e+13        delta(WSSR)/WSSR   : 0
 delta(WSSR) : 0                 limit for stopping : 1e-05
 lambda	  : 613796

initial set of free parameter values

c               = 10

After 3 iterations the fit converged.
final sum of squares of residuals : 3.25677e+12
rel. change during last iteration : -1.45606e-06

degrees of freedom    (FIT_NDF)                        : 4
rms of residuals      (FIT_STDFIT) = sqrt(WSSR/ndf)    : 902326
variance of residuals (reduced chisquare) = WSSR/ndf   : 8.14192e+11

Final set of parameters            Asymptotic Standard Error
=======================            ==========================

c               = 5.23061          +/- 0.6574       (12.57%)


correlation matrix of the fit parameters:

               c      
c               1.000 


*******************************************************************************
Thu Jun 14 09:17:25 2012


FIT:    data read from "<head -5 spesols.dat"
        format = z
        #datapoints = 5
        residuals are weighted equally (unit weight)

function used for fitting: t(x)
fitted parameters initialized with current variable values



 Iteration 0
 WSSR        : 4.6106e+13        delta(WSSR)/WSSR   : 0
 delta(WSSR) : 0                 limit for stopping : 1e-05
 lambda	  : 613796

initial set of free parameter values

c               = 10

After 3 iterations the fit converged.
final sum of squares of residuals : 3.25677e+12
rel. change during last iteration : -1.45606e-06

degrees of freedom    (FIT_NDF)                        : 4
rms of residuals      (FIT_STDFIT) = sqrt(WSSR/ndf)    : 902326
variance of residuals (reduced chisquare) = WSSR/ndf   : 8.14192e+11

Final set of parameters            Asymptotic Standard Error
=======================            ==========================

c               = 5.23061          +/- 0.6574       (12.57%)


correlation matrix of the fit parameters:

               c      
c               1.000 


*******************************************************************************
Thu Jun 14 09:17:45 2012


FIT:    data read from "<head -5 spesols.dat"
        format = z
        #datapoints = 5
        residuals are weighted equally (unit weight)

function used for fitting: t(x)
fitted parameters initialized with current variable values



 Iteration 0
 WSSR        : 4.6106e+13        delta(WSSR)/WSSR   : 0
 delta(WSSR) : 0                 limit for stopping : 1e-05
 lambda	  : 613796

initial set of free parameter values

c               = 10

After 3 iterations the fit converged.
final sum of squares of residuals : 3.25677e+12
rel. change during last iteration : -1.45606e-06

degrees of freedom    (FIT_NDF)                        : 4
rms of residuals      (FIT_STDFIT) = sqrt(WSSR/ndf)    : 902326
variance of residuals (reduced chisquare) = WSSR/ndf   : 8.14192e+11

Final set of parameters            Asymptotic Standard Error
=======================            ==========================

c               = 5.23061          +/- 0.6574       (12.57%)


correlation matrix of the fit parameters:

               c      
c               1.000 


*******************************************************************************
Thu Jun 14 09:18:17 2012


FIT:    data read from "<head -5 spesols.dat"
        format = z
        #datapoints = 5
        residuals are weighted equally (unit weight)

function used for fitting: t(x)
fitted parameters initialized with current variable values



 Iteration 0
 WSSR        : 4.6106e+13        delta(WSSR)/WSSR   : 0
 delta(WSSR) : 0                 limit for stopping : 1e-05
 lambda	  : 613796

initial set of free parameter values

c               = 10

After 3 iterations the fit converged.
final sum of squares of residuals : 3.25677e+12
rel. change during last iteration : -1.45606e-06

degrees of freedom    (FIT_NDF)                        : 4
rms of residuals      (FIT_STDFIT) = sqrt(WSSR/ndf)    : 902326
variance of residuals (reduced chisquare) = WSSR/ndf   : 8.14192e+11

Final set of parameters            Asymptotic Standard Error
=======================            ==========================

c               = 5.23061          +/- 0.6574       (12.57%)


correlation matrix of the fit parameters:

               c      
c               1.000 


*******************************************************************************
Thu Jun 14 09:18:50 2012


FIT:    data read from "<head -5 spesols.dat"
        format = z
        #datapoints = 5
        residuals are weighted equally (unit weight)

function used for fitting: t(x)
fitted parameters initialized with current variable values



 Iteration 0
 WSSR        : 4.6106e+13        delta(WSSR)/WSSR   : 0
 delta(WSSR) : 0                 limit for stopping : 1e-05
 lambda	  : 613796

initial set of free parameter values

c               = 10

After 3 iterations the fit converged.
final sum of squares of residuals : 3.25677e+12
rel. change during last iteration : -1.45606e-06

degrees of freedom    (FIT_NDF)                        : 4
rms of residuals      (FIT_STDFIT) = sqrt(WSSR/ndf)    : 902326
variance of residuals (reduced chisquare) = WSSR/ndf   : 8.14192e+11

Final set of parameters            Asymptotic Standard Error
=======================            ==========================

c               = 5.23061          +/- 0.6574       (12.57%)


correlation matrix of the fit parameters:

               c      
c               1.000 


*******************************************************************************
Thu Jun 14 09:19:01 2012


FIT:    data read from "<head -5 spesols.dat"
        format = z
        #datapoints = 5
        residuals are weighted equally (unit weight)

function used for fitting: t(x)
fitted parameters initialized with current variable values



 Iteration 0
 WSSR        : 4.6106e+13        delta(WSSR)/WSSR   : 0
 delta(WSSR) : 0                 limit for stopping : 1e-05
 lambda	  : 613796

initial set of free parameter values

c               = 10

After 3 iterations the fit converged.
final sum of squares of residuals : 3.25677e+12
rel. change during last iteration : -1.45606e-06

degrees of freedom    (FIT_NDF)                        : 4
rms of residuals      (FIT_STDFIT) = sqrt(WSSR/ndf)    : 902326
variance of residuals (reduced chisquare) = WSSR/ndf   : 8.14192e+11

Final set of parameters            Asymptotic Standard Error
=======================            ==========================

c               = 5.23061          +/- 0.6574       (12.57%)


correlation matrix of the fit parameters:

               c      
c               1.000 


*******************************************************************************
Thu Jun 14 09:19:50 2012


FIT:    data read from "<head -5 spesols.dat"
        format = z
        #datapoints = 5
        residuals are weighted equally (unit weight)

function used for fitting: t(x)
fitted parameters initialized with current variable values



 Iteration 0
 WSSR        : 4.6106e+13        delta(WSSR)/WSSR   : 0
 delta(WSSR) : 0                 limit for stopping : 1e-05
 lambda	  : 613796

initial set of free parameter values

c               = 10

After 3 iterations the fit converged.
final sum of squares of residuals : 3.25677e+12
rel. change during last iteration : -1.45606e-06

degrees of freedom    (FIT_NDF)                        : 4
rms of residuals      (FIT_STDFIT) = sqrt(WSSR/ndf)    : 902326
variance of residuals (reduced chisquare) = WSSR/ndf   : 8.14192e+11

Final set of parameters            Asymptotic Standard Error
=======================            ==========================

c               = 5.23061          +/- 0.6574       (12.57%)


correlation matrix of the fit parameters:

               c      
c               1.000 
